Log file open, 11/20/18 08:57:47
LogInit:Display: Running engine for game: Lesson62
LogPlatformFile: Not using cached read wrapper
LogInit:Display: RandInit(399991201) SRandInit(399991201).
LogTaskGraph: Started task graph with 5 named threads and 8 total threads with 1 sets of task threads.
LogStats: Stats thread started at 0.079614
LogPluginManager: Loaded Plugin Paper2D, From C:/Program Files (x86)/Epic Games/4.14/Engine/Plugins/2D/Paper2D/Paper2D.uplugin
LogPluginManager: Loaded Plugin LightPropagationVolume, From C:/Program Files (x86)/Epic Games/4.14/Engine/Plugins/Blendables/LightPropagationVolume/LightPropagationVolume.uplugin
LogPluginManager: Loaded Plugin BlankPlugin, From C:/Program Files (x86)/Epic Games/4.14/Engine/Plugins/Developer/BlankPlugin/BlankPlugin.uplugin
LogPluginManager: Loaded Plugin CodeLiteSourceCodeAccess, From C:/Program Files (x86)/Epic Games/4.14/Engine/Plugins/Developer/CodeLiteSourceCodeAccess/CodeLiteSourceCodeAccess.uplugin
LogPluginManager: Loaded Plugin GitSourceControl, From C:/Program Files (x86)/Epic Games/4.14/Engine/Plugins/Developer/GitSourceControl/GitSourceControl.uplugin
LogPluginManager: Loaded Plugin KDevelopSourceCodeAccess, From C:/Program Files (x86)/Epic Games/4.14/Engine/Plugins/Developer/KDevelopSourceCodeAccess/KDevelopSourceCodeAccess.uplugin
LogPluginManager: Loaded Plugin NullSourceCodeAccess, From C:/Program Files (x86)/Epic Games/4.14/Engine/Plugins/Developer/NullSourceCodeAccess/NullSourceCodeAccess.uplugin
LogPluginManager: Loaded Plugin OneSkyLocalizationService, From C:/Program Files (x86)/Epic Games/4.14/Engine/Plugins/Developer/OneSkyLocalizationService/OneSkyLocalizationService.uplugin
LogPluginManager: Loaded Plugin PerforceSourceControl, From C:/Program Files (x86)/Epic Games/4.14/Engine/Plugins/Developer/PerforceSourceControl/PerforceSourceControl.uplugin
LogPluginManager: Loaded Plugin SubversionSourceControl, From C:/Program Files (x86)/Epic Games/4.14/Engine/Plugins/Developer/SubversionSourceControl/SubversionSourceControl.uplugin
LogPluginManager: Loaded Plugin UObjectPlugin, From C:/Program Files (x86)/Epic Games/4.14/Engine/Plugins/Developer/UObjectPlugin/UObjectPlugin.uplugin
LogPluginManager: Loaded Plugin VisualStudioSourceCodeAccess, From C:/Program Files (x86)/Epic Games/4.14/Engine/Plugins/Developer/VisualStudioSourceCodeAccess/VisualStudioSourceCodeAccess.uplugin
LogPluginManager: Loaded Plugin XCodeSourceCodeAccess, From C:/Program Files (x86)/Epic Games/4.14/Engine/Plugins/Developer/XCodeSourceCodeAccess/XCodeSourceCodeAccess.uplugin
LogPluginManager: Loaded Plugin AudioCapture, From C:/Program Files (x86)/Epic Games/4.14/Engine/Plugins/Editor/AudioCapture/AudioCapture.uplugin
LogPluginManager: Loaded Plugin EpicSurvey, From C:/Program Files (x86)/Epic Games/4.14/Engine/Plugins/Editor/EpicSurvey/EpicSurvey.uplugin
LogPluginManager: Loaded Plugin MacGraphicsSwitching, From C:/Program Files (x86)/Epic Games/4.14/Engine/Plugins/Editor/MacGraphicsSwitching/MacGraphicsSwitching.uplugin
LogPluginManager: Loaded Plugin MobileLauncherProfileWizard, From C:/Program Files (x86)/Epic Games/4.14/Engine/Plugins/Editor/MobileLauncherProfileWizard/MobileLauncherProfileWizard.uplugin
LogPluginManager: Loaded Plugin PluginBrowser, From C:/Program Files (x86)/Epic Games/4.14/Engine/Plugins/Editor/PluginBrowser/PluginBrowser.uplugin
LogPluginManager: Loaded Plugin SpeedTreeImporter, From C:/Program Files (x86)/Epic Games/4.14/Engine/Plugins/Editor/SpeedTreeImporter/SpeedTreeImporter.uplugin
LogPluginManager: Loaded Plugin SuperSearchEditor, From C:/Program Files (x86)/Epic Games/4.14/Engine/Plugins/Editor/SuperSearchEditor/SuperSearchEditor.uplugin
LogPluginManager: Loaded Plugin AlembicImporter, From C:/Program Files (x86)/Epic Games/4.14/Engine/Plugins/Experimental/AlembicImporter/AlembicImporter.uplugin
LogPluginManager: Loaded Plugin BlueprintStats, From C:/Program Files (x86)/Epic Games/4.14/Engine/Plugins/Experimental/BlueprintStats/BlueprintStats.uplugin
LogPluginManager: Loaded Plugin CharacterAI, From C:/Program Files (x86)/Epic Games/4.14/Engine/Plugins/Experimental/CharacterAI/CharacterAI.uplugin
LogPluginManager: Loaded Plugin CodeEditor, From C:/Program Files (x86)/Epic Games/4.14/Engine/Plugins/Experimental/CodeEditor/CodeEditor.uplugin
LogPluginManager: Loaded Plugin CodeView, From C:/Program Files (x86)/Epic Games/4.14/Engine/Plugins/Experimental/CodeView/CodeView.uplugin
LogPluginManager: Loaded Plugin HTML5Networking, From C:/Program Files (x86)/Epic Games/4.14/Engine/Plugins/Experimental/HTML5Networking/HTML5Networking.uplugin
LogPluginManager: Loaded Plugin OSVR, From C:/Program Files (x86)/Epic Games/4.14/Engine/Plugins/Experimental/OSVR/OSVR.uplugin
LogPluginManager: Loaded Plugin Phya, From C:/Program Files (x86)/Epic Games/4.14/Engine/Plugins/Experimental/Phya/Phya.uplugin
LogPluginManager: Loaded Plugin SignificanceManager, From C:/Program Files (x86)/Epic Games/4.14/Engine/Plugins/Experimental/SignificanceManager/SignificanceManager.uplugin
LogPluginManager: Loaded Plugin SimpleHMD, From C:/Program Files (x86)/Epic Games/4.14/Engine/Plugins/Experimental/SimpleHMD/SimpleHMD.uplugin
LogPluginManager: Loaded Plugin StereoPanorama, From C:/Program Files (x86)/Epic Games/4.14/Engine/Plugins/Experimental/StereoPanorama/StereoPanorama.uplugin
LogPluginManager: Loaded Plugin StructBox, From C:/Program Files (x86)/Epic Games/4.14/Engine/Plugins/Experimental/StructBox/StructBox.uplugin
LogPluginManager: Loaded Plugin AndroidMedia, From C:/Program Files (x86)/Epic Games/4.14/Engine/Plugins/Media/AndroidMedia/AndroidMedia.uplugin
LogPluginManager: Loaded Plugin AvfMedia, From C:/Program Files (x86)/Epic Games/4.14/Engine/Plugins/Media/AvfMedia/AvfMedia.uplugin
LogPluginManager: Loaded Plugin MediaPlayerEditor, From C:/Program Files (x86)/Epic Games/4.14/Engine/Plugins/Media/MediaPlayerEditor/MediaPlayerEditor.uplugin
LogPluginManager: Loaded Plugin WmfMedia, From C:/Program Files (x86)/Epic Games/4.14/Engine/Plugins/Media/WmfMedia/WmfMedia.uplugin
LogPluginManager: Loaded Plugin MessagingDebugger, From C:/Program Files (x86)/Epic Games/4.14/Engine/Plugins/Messaging/MessagingDebugger/MessagingDebugger.uplugin
LogPluginManager: Loaded Plugin TcpMessaging, From C:/Program Files (x86)/Epic Games/4.14/Engine/Plugins/Messaging/TcpMessaging/TcpMessaging.uplugin
LogPluginManager: Loaded Plugin UdpMessaging, From C:/Program Files (x86)/Epic Games/4.14/Engine/Plugins/Messaging/UdpMessaging/UdpMessaging.uplugin
LogPluginManager: Loaded Plugin LevelSequenceEditor, From C:/Program Files (x86)/Epic Games/4.14/Engine/Plugins/MovieScene/LevelSequenceEditor/LevelSequenceEditor.uplugin
LogPluginManager: Loaded Plugin MatineeToLevelSequence, From C:/Program Files (x86)/Epic Games/4.14/Engine/Plugins/MovieScene/MatineeToLevelSequence/MatineeToLevelSequence.uplugin
LogPluginManager: Loaded Plugin NetcodeUnitTest, From C:/Program Files (x86)/Epic Games/4.14/Engine/Plugins/NetcodeUnitTest/NetcodeUnitTest/NetcodeUnitTest.uplugin
LogPluginManager: Loaded Plugin NUTUnrealEngine4, From C:/Program Files (x86)/Epic Games/4.14/Engine/Plugins/NetcodeUnitTest/NUTUnrealEngine4/NUTUnrealEngine4.uplugin
LogPluginManager: Loaded Plugin OnlineSubsystemGameCircle, From C:/Program Files (x86)/Epic Games/4.14/Engine/Plugins/Online/Android/OnlineSubsystemGameCircle/OnlineSubsystemGameCircle.uplugin
LogPluginManager: Loaded Plugin OnlineSubsystemGooglePlay, From C:/Program Files (x86)/Epic Games/4.14/Engine/Plugins/Online/Android/OnlineSubsystemGooglePlay/OnlineSubsystemGooglePlay.uplugin
LogPluginManager: Loaded Plugin OnlineSubsystemIOS, From C:/Program Files (x86)/Epic Games/4.14/Engine/Plugins/Online/IOS/OnlineSubsystemIOS/OnlineSubsystemIOS.uplugin
LogPluginManager: Loaded Plugin OnlineFramework, From C:/Program Files (x86)/Epic Games/4.14/Engine/Plugins/Online/OnlineFramework/OnlineFramework.uplugin
LogPluginManager: Loaded Plugin OnlineSubsystem, From C:/Program Files (x86)/Epic Games/4.14/Engine/Plugins/Online/OnlineSubsystem/OnlineSubsystem.uplugin
LogPluginManager: Loaded Plugin OnlineSubsystemAmazon, From C:/Program Files (x86)/Epic Games/4.14/Engine/Plugins/Online/OnlineSubsystemAmazon/OnlineSubsystemAmazon.uplugin
LogPluginManager: Loaded Plugin OnlineSubsystemFacebook, From C:/Program Files (x86)/Epic Games/4.14/Engine/Plugins/Online/OnlineSubsystemFacebook/OnlineSubsystemFacebook.uplugin
LogPluginManager: Loaded Plugin OnlineSubsystemNull, From C:/Program Files (x86)/Epic Games/4.14/Engine/Plugins/Online/OnlineSubsystemNull/OnlineSubsystemNull.uplugin
LogPluginManager: Loaded Plugin OnlineSubsystemOculus, From C:/Program Files (x86)/Epic Games/4.14/Engine/Plugins/Online/OnlineSubsystemOculus/OnlineSubsystemOculus.uplugin
LogPluginManager: Loaded Plugin OnlineSubsystemSteam, From C:/Program Files (x86)/Epic Games/4.14/Engine/Plugins/Online/OnlineSubsystemSteam/OnlineSubsystemSteam.uplugin
LogPluginManager: Loaded Plugin OnlineSubsystemUtils, From C:/Program Files (x86)/Epic Games/4.14/Engine/Plugins/Online/OnlineSubsystemUtils/OnlineSubsystemUtils.uplugin
LogPluginManager: Loaded Plugin IOSTapJoy, From C:/Program Files (x86)/Epic Games/4.14/Engine/Plugins/Runtime/Advertising/IOSTapJoy/IOSTapJoy.uplugin
LogPluginManager: Loaded Plugin AnalyticsBlueprintLibrary, From C:/Program Files (x86)/Epic Games/4.14/Engine/Plugins/Runtime/Analytics/AnalyticsBlueprintLibrary/AnalyticsBlueprintLibrary.uplugin
LogPluginManager: Loaded Plugin AnalyticsMulticast, From C:/Program Files (x86)/Epic Games/4.14/Engine/Plugins/Runtime/Analytics/AnalyticsMulticast/AnalyticsMulticast.uplugin
LogPluginManager: Loaded Plugin Apsalar, From C:/Program Files (x86)/Epic Games/4.14/Engine/Plugins/Runtime/Analytics/Apsalar/Apsalar.uplugin
LogPluginManager: Loaded Plugin FileLogging, From C:/Program Files (x86)/Epic Games/4.14/Engine/Plugins/Runtime/Analytics/FileLogging/FileLogging.uplugin
LogPluginManager: Loaded Plugin Flurry, From C:/Program Files (x86)/Epic Games/4.14/Engine/Plugins/Runtime/Analytics/Flurry/Flurry.uplugin
LogPluginManager: Loaded Plugin AndroidDeviceProfileSelector, From C:/Program Files (x86)/Epic Games/4.14/Engine/Plugins/Runtime/AndroidDeviceProfileSelector/AndroidDeviceProfileSelector.uplugin
LogPluginManager: Loaded Plugin AndroidMoviePlayer, From C:/Program Files (x86)/Epic Games/4.14/Engine/Plugins/Runtime/AndroidMoviePlayer/AndroidMoviePlayer.uplugin
LogPluginManager: Loaded Plugin AppleMoviePlayer, From C:/Program Files (x86)/Epic Games/4.14/Engine/Plugins/Runtime/AppleMoviePlayer/AppleMoviePlayer.uplugin
LogPluginManager: Loaded Plugin ArchVisCharacter, From C:/Program Files (x86)/Epic Games/4.14/Engine/Plugins/Runtime/ArchVisCharacter/ArchVisCharacter.uplugin
LogPluginManager: Loaded Plugin CableComponent, From C:/Program Files (x86)/Epic Games/4.14/Engine/Plugins/Runtime/CableComponent/CableComponent.uplugin
LogPluginManager: Loaded Plugin CustomMeshComponent, From C:/Program Files (x86)/Epic Games/4.14/Engine/Plugins/Runtime/CustomMeshComponent/CustomMeshComponent.uplugin
LogPluginManager: Loaded Plugin ExampleDeviceProfileSelector, From C:/Program Files (x86)/Epic Games/4.14/Engine/Plugins/Runtime/ExampleDeviceProfileSelector/ExampleDeviceProfileSelector.uplugin
LogPluginManager: Loaded Plugin GearVR, From C:/Program Files (x86)/Epic Games/4.14/Engine/Plugins/Runtime/GearVR/GearVR.uplugin
LogPluginManager: Loaded Plugin GoogleVRController, From C:/Program Files (x86)/Epic Games/4.14/Engine/Plugins/Runtime/GoogleVR/GoogleVRController/GoogleVRController.uplugin
LogPluginManager: Loaded Plugin GoogleVRHMD, From C:/Program Files (x86)/Epic Games/4.14/Engine/Plugins/Runtime/GoogleVR/GoogleVRHMD/GoogleVRHMD.uplugin
LogPluginManager: Loaded Plugin IOSDeviceProfileSelector, From C:/Program Files (x86)/Epic Games/4.14/Engine/Plugins/Runtime/IOSDeviceProfileSelector/IOSDeviceProfileSelector.uplugin
LogPluginManager: Loaded Plugin LeapMotion, From C:/Program Files (x86)/Epic Games/4.14/Engine/Plugins/Runtime/LeapMotion/LeapMotion.uplugin
LogPluginManager: Loaded Plugin LinuxDeviceProfileSelector, From C:/Program Files (x86)/Epic Games/4.14/Engine/Plugins/Runtime/LinuxDeviceProfileSelector/LinuxDeviceProfileSelector.uplugin
LogPluginManager: Loaded Plugin MIDIDevice, From C:/Program Files (x86)/Epic Games/4.14/Engine/Plugins/Runtime/MIDIDevice/MIDIDevice.uplugin
LogPluginManager: Loaded Plugin MobilePatchingUtils, From C:/Program Files (x86)/Epic Games/4.14/Engine/Plugins/Runtime/MobilePatchingUtils/MobilePatchingUtils.uplugin
LogPluginManager: Loaded Plugin Ansel, From C:/Program Files (x86)/Epic Games/4.14/Engine/Plugins/Runtime/Nvidia/Ansel/Ansel.uplugin
LogPluginManager: Loaded Plugin OculusAudio, From C:/Program Files (x86)/Epic Games/4.14/Engine/Plugins/Runtime/OculusAudio/OculusAudio.uplugin
LogPluginManager: Loaded Plugin OculusInput, From C:/Program Files (x86)/Epic Games/4.14/Engine/Plugins/Runtime/OculusInput/OculusInput.uplugin
LogPluginManager: Loaded Plugin OculusLibrary, From C:/Program Files (x86)/Epic Games/4.14/Engine/Plugins/Runtime/OculusLibrary/OculusLibrary.uplugin
LogPluginManager: Loaded Plugin OculusRift, From C:/Program Files (x86)/Epic Games/4.14/Engine/Plugins/Runtime/OculusRift/OculusRift.uplugin
LogPluginManager: Loaded Plugin Oodle, From C:/Program Files (x86)/Epic Games/4.14/Engine/Plugins/Runtime/PacketHandlers/CompressionComponents/Oodle/Oodle.uplugin
LogPluginManager: Loaded Plugin ProceduralMeshComponent, From C:/Program Files (x86)/Epic Games/4.14/Engine/Plugins/Runtime/ProceduralMeshComponent/ProceduralMeshComponent.uplugin
LogPluginManager: Loaded Plugin SoundMod, From C:/Program Files (x86)/Epic Games/4.14/Engine/Plugins/Runtime/SoundMod/SoundMod.uplugin
LogPluginManager: Loaded Plugin SoundVisualizations, From C:/Program Files (x86)/Epic Games/4.14/Engine/Plugins/Runtime/SoundVisualizations/SoundVisualizations.uplugin
LogPluginManager: Loaded Plugin SteamController, From C:/Program Files (x86)/Epic Games/4.14/Engine/Plugins/Runtime/Steam/SteamController/SteamController.uplugin
LogPluginManager: Loaded Plugin SteamVR, From C:/Program Files (x86)/Epic Games/4.14/Engine/Plugins/Runtime/Steam/SteamVR/SteamVR.uplugin
LogPluginManager: Loaded Plugin WebBrowserWidget, From C:/Program Files (x86)/Epic Games/4.14/Engine/Plugins/Runtime/WebBrowserWidget/WebBrowserWidget.uplugin
LogPluginManager: Loaded Plugin WindowsDeviceProfileSelector, From C:/Program Files (x86)/Epic Games/4.14/Engine/Plugins/Runtime/WindowsDeviceProfileSelector/WindowsDeviceProfileSelector.uplugin
LogPluginManager: Loaded Plugin WindowsMoviePlayer, From C:/Program Files (x86)/Epic Games/4.14/Engine/Plugins/Runtime/WindowsMoviePlayer/WindowsMoviePlayer.uplugin
LogPluginManager: Loaded Plugin ScriptPlugin, From C:/Program Files (x86)/Epic Games/4.14/Engine/Plugins/ScriptPlugin/ScriptPlugin.uplugin
LogPluginManager: Loaded Plugin SlateRemote, From C:/Program Files (x86)/Epic Games/4.14/Engine/Plugins/Slate/SlateRemote/SlateRemote.uplugin
LogPluginManager: Loaded Plugin EditorTests, From C:/Program Files (x86)/Epic Games/4.14/Engine/Plugins/Tests/EditorTests/EditorTests.uplugin
LogPluginManager: Loaded Plugin FbxAutomationTestBuilder, From C:/Program Files (x86)/Epic Games/4.14/Engine/Plugins/Tests/FbxAutomationTestBuilder/FbxAutomationTestBuilder.uplugin
LogPluginManager: Loaded Plugin FunctionalTestingEditor, From C:/Program Files (x86)/Epic Games/4.14/Engine/Plugins/Tests/FunctionalTestingEditor/FunctionalTestingEditor.uplugin
LogPluginManager: Loaded Plugin RuntimeTests, From C:/Program Files (x86)/Epic Games/4.14/Engine/Plugins/Tests/RuntimeTests/RuntimeTests.uplugin
LogPluginManager: Loaded Plugin ScreenshotTools, From C:/Program Files (x86)/Epic Games/4.14/Engine/Plugins/Tests/ScreenshotTools/ScreenshotTools.uplugin
LogInit: Using libcurl 7.47.1
LogInit:  - built for x86_64-pc-win32
LogInit:  - supports SSL with OpenSSL/1.0.2g
LogInit:  - supports HTTP deflate (compression) using libz 1.2.8
LogInit:  - other features:
LogInit:      CURL_VERSION_SSL
LogInit:      CURL_VERSION_LIBZ
LogInit:      CURL_VERSION_IPV6
LogInit:      CURL_VERSION_ASYNCHDNS
LogInit:      CURL_VERSION_LARGEFILE
LogInit:      CURL_VERSION_IDN
LogInit:  CurlRequestOptions (configurable via config and command line):
LogInit:  - bVerifyPeer = false  - Libcurl will NOT verify peer certificate
LogInit:  - bUseHttpProxy = false  - Libcurl will NOT use HTTP proxy
LogInit:  - bDontReuseConnections = false  - Libcurl will reuse connections
LogInit:  - CertBundlePath = nullptr  - Libcurl will use whatever was configured at build time.
LogInit: Build: ++UE4+Release-4.14-CL-3249277
LogInit: Engine Version: 4.14.3-3249277+++UE4+Release-4.14
LogInit: Compatible Engine Version: 4.14.0-3195953+++UE4+Release-4.14
LogInit: Net CL: 3195953
LogDevObjectVersion: Number of dev versions registered: 13
LogDevObjectVersion:   Dev-Blueprints (B0D832E4-1F89-4F0D-ACCF-7EB736FD4AA2): 7
LogDevObjectVersion:   Dev-Build (E1C64328-A22C-4D53-A36C-8E866417BD8C): 0
LogDevObjectVersion:   Dev-Core (375EC13C-06E4-48FB-B500-84F0262A717E): 1
LogDevObjectVersion:   Dev-Editor (E4B068ED-F494-42E9-A231-DA0B2E46BB41): 8
LogDevObjectVersion:   Dev-Framework (CFFC743F-43B0-4480-9391-14DF171D2073): 17
LogDevObjectVersion:   Dev-Mobile (B02B49B5-BB20-44E9-A304-32B752E40360): 0
LogDevObjectVersion:   Dev-Networking (A4E4105C-59A1-49B5-A7C5-40C4547EDFEE): 0
LogDevObjectVersion:   Dev-Online (39C831C9-5AE6-47DC-9A44-9C173E1C8E7C): 0
LogDevObjectVersion:   Dev-Physics (78F01B33-EBEA-4F98-B9B4-84EACCB95AA2): 0
LogDevObjectVersion:   Dev-Platform (6631380F-2D4D-43E0-8009-CF276956A95A): 0
LogDevObjectVersion:   Dev-Rendering (12F88B9F-8875-4AFC-A67C-D90C383ABD29): 12
LogDevObjectVersion:   Dev-Sequencer (7B5AE74C-D270-4C10-A958-57980B212A5A): 1
LogDevObjectVersion:   Dev-VR (D7296918-1DD6-4BDD-9DE2-64A83CC13884): 0
LogInit: Compiled (64-bit): Jan  6 2017 10:49:43
LogInit: Compiled with Visual C++: 19.00.23026.00
LogInit: Build Configuration: Development
LogInit: Branch Name: ++UE4+Release-4.14
LogInit: Command line:  
LogInit: Base directory: C:/Program Files (x86)/Epic Games/4.14/Engine/Binaries/Win64/
LogInit: Installed Engine Build: 1
LogInit: Presizing for max 8388607 objects, including 0 objects not considered by GC, pre-allocating 0 bytes for permanent pool.
LogInit: Object subsystem initialized
[2018.11.20-15.57.47:478][  0]LogInit: Selected Device Profile: [Windows]
[2018.11.20-15.57.47:478][  0]LogInit: Applying CVar settings loaded from the selected device profile: [Windows]
[2018.11.20-15.57.47:488][  0]LogInit: Computer: DESKTOP-IHG2U5P
[2018.11.20-15.57.47:488][  0]LogInit: User: Jacob
[2018.11.20-15.57.47:488][  0]LogInit: CPU Page size=65536, Cores=4
[2018.11.20-15.57.47:488][  0]LogInit: High frequency timer resolution =3.914067 MHz
[2018.11.20-15.57.47:488][  0]LogMemory: Memory total: Physical=15.9GB (16GB approx)
[2018.11.20-15.57.47:488][  0]LogMemory: Platform Memory Stats for Windows
[2018.11.20-15.57.47:488][  0]LogMemory: Process Physical Memory: 263.46 MB used, 263.46 MB peak
[2018.11.20-15.57.47:488][  0]LogMemory: Process Virtual Memory: 262.41 MB used, 262.41 MB peak
[2018.11.20-15.57.47:488][  0]LogMemory: Physical Memory: 7362.05 MB used,  8952.67 MB free, 16314.72 MB total
[2018.11.20-15.57.47:488][  0]LogMemory: Virtual Memory: 4807.50 MB used,  8952.67 MB free, 134217728.00 MB total
[2018.11.20-15.57.47:508][  0]LogTextLocalizationManager: No specific translations for ('en-US') exist, so ('en') translations will be used.
[2018.11.20-15.57.48:005][  0]LogD3D11RHI: D3D11 adapters:
[2018.11.20-15.57.48:054][  0]LogD3D11RHI:    0. 'NVIDIA GeForce GTX 1080' (Feature Level 11_0)
[2018.11.20-15.57.48:055][  0]LogD3D11RHI:       8086/0/8157 MB DedicatedVideo/DedicatedSystem/SharedSystem, Outputs:1, VendorId:0x10de
[2018.11.20-15.57.48:056][  0]LogD3D11RHI:    1. 'Microsoft Basic Render Driver' (Feature Level 11_0)
[2018.11.20-15.57.48:056][  0]LogD3D11RHI:       0/0/8157 MB DedicatedVideo/DedicatedSystem/SharedSystem, Outputs:0, VendorId:0x1414
[2018.11.20-15.57.48:056][  0]LogD3D11RHI: Chosen D3D11 Adapter: 0
[2018.11.20-15.57.48:062][  0]LogD3D11RHI: Creating new Direct3DDevice
[2018.11.20-15.57.48:062][  0]LogD3D11RHI:     GPU DeviceId: 0x1b80 (for the marketing name, search the web for "GPU Device Id")
[2018.11.20-15.57.48:062][  0]LogWindows: EnumDisplayDevices:
[2018.11.20-15.57.48:062][  0]LogWindows:    0. 'NVIDIA GeForce GTX 1080' (P:1 D:1)
[2018.11.20-15.57.48:062][  0]LogWindows:    1. 'NVIDIA GeForce GTX 1080' (P:0 D:0)
[2018.11.20-15.57.48:062][  0]LogWindows:    2. 'NVIDIA GeForce GTX 1080' (P:0 D:0)
[2018.11.20-15.57.48:062][  0]LogWindows:    3. 'NVIDIA GeForce GTX 1080' (P:0 D:0)
[2018.11.20-15.57.48:063][  0]LogWindows: DebugString: GetVideoDriverDetailsInvalid PrimaryIsNotTheChoosenAdapter GetVideoDriverDetailsInvalid PrimaryIsNotTheChoosenAdapter GetVideoDriverDetailsInvalid PrimaryIsNotTheChoosenAdapter GetVideoDriverDetailsInvalid PrimaryIsNotTheChoosenAdapter FoundDriverCount:0 
[2018.11.20-15.57.48:063][  0]LogD3D11RHI:     Adapter Name: NVIDIA GeForce GTX 1080
[2018.11.20-15.57.48:063][  0]LogD3D11RHI:   Driver Version: Unknown (internal:Unknown, unified:Unknown)
[2018.11.20-15.57.48:063][  0]LogD3D11RHI:      Driver Date: Unknown
[2018.11.20-15.57.48:063][  0]LogRHI: Texture pool is 1361 MB (70% of 1945 MB)
[2018.11.20-15.57.48:085][  0]LogD3D11RHI: Async texture creation enabled
[2018.11.20-15.57.48:112][  0]LogD3D11RHI: GPU Timing Frequency: 1000.000000 (Debug: 2 1)
[2018.11.20-15.57.48:112][  0]LogShaderCompilers: Guid format shader working directory is -30 characters bigger than the processId version (../../../../../../Users/Jacob/Dev/Unreal_Projects/Unreal-Escape-Room/Lesson62/Intermediate/Shaders/WorkingDirectory/604/).
[2018.11.20-15.57.48:112][  0]LogShaderCompilers: Cleaned the shader compiler working directory 'C:/Users/Jacob/AppData/Local/Temp/UnrealShaderWorkingDir/22B899654D957BB248E804B4CE1D5E40/'.
[2018.11.20-15.57.48:112][  0]LogShaderCompilers:Display: Using Local Shader Compiler.
[2018.11.20-15.57.48:930][  0]LogTemp:Display: Loaded TP AllDesktopTargetPlatform
[2018.11.20-15.57.48:984][  0]LogTemp:Display: Loaded TP MacClientTargetPlatform
[2018.11.20-15.57.49:037][  0]LogTemp:Display: Loaded TP MacNoEditorTargetPlatform
[2018.11.20-15.57.49:090][  0]LogTemp:Display: Loaded TP MacServerTargetPlatform
[2018.11.20-15.57.49:144][  0]LogTemp:Display: Loaded TP MacTargetPlatform
[2018.11.20-15.57.49:196][  0]LogTemp:Display: Loaded TP WindowsClientTargetPlatform
[2018.11.20-15.57.49:249][  0]LogTemp:Display: Loaded TP WindowsNoEditorTargetPlatform
[2018.11.20-15.57.49:303][  0]LogTemp:Display: Loaded TP WindowsServerTargetPlatform
[2018.11.20-15.57.49:348][  0]LogTemp:Display: Loaded TP WindowsTargetPlatform
[2018.11.20-15.57.49:400][  0]LogTemp:Display: Loaded TP AndroidTargetPlatform
[2018.11.20-15.57.49:451][  0]LogTemp:Display: Loaded TP Android_ASTCTargetPlatform
[2018.11.20-15.57.49:502][  0]LogTemp:Display: Loaded TP Android_ATCTargetPlatform
[2018.11.20-15.57.49:554][  0]LogTemp:Display: Loaded TP Android_DXTTargetPlatform
[2018.11.20-15.57.49:605][  0]LogTemp:Display: Loaded TP Android_ETC1TargetPlatform
[2018.11.20-15.57.49:656][  0]LogTemp:Display: Loaded TP Android_ETC2TargetPlatform
[2018.11.20-15.57.49:758][  0]LogTemp:Display: Loaded TP Android_MultiTargetPlatform
[2018.11.20-15.57.49:758][  0]LogTemp:Display: Loaded TP Android_PVRTCTargetPlatform
[2018.11.20-15.57.49:797][  0]LogTemp:Display: Loaded TP HTML5TargetPlatform
[2018.11.20-15.57.49:881][  0]LogTemp:Display: Loaded TP IOSTargetPlatform
[2018.11.20-15.57.49:912][  0]LogTemp:Display: Loaded TP TVOSTargetPlatform
[2018.11.20-15.57.49:965][  0]LogTemp:Display: Loaded TP LinuxClientTargetPlatform
[2018.11.20-15.57.50:017][  0]LogTemp:Display: Loaded TP LinuxNoEditorTargetPlatform
[2018.11.20-15.57.50:068][  0]LogTemp:Display: Loaded TP LinuxServerTargetPlatform
[2018.11.20-15.57.50:119][  0]LogTemp:Display: Loaded TP LinuxTargetPlatform
[2018.11.20-15.57.50:119][  0]LogTargetPlatformManager:Display: Building Assets For Windows
[2018.11.20-15.57.50:530][  0]LogDerivedDataCache:Display: Max Cache Size: 512 MB
[2018.11.20-15.57.50:566][  0]LogDerivedDataCache: Loaded boot cache 0.04s 50MB C:/Users/Jacob/AppData/Local/UnrealEngine/4.14/DerivedDataCache/Boot.ddc.
[2018.11.20-15.57.50:566][  0]LogDerivedDataCache:Display: Loaded Boot cache: C:/Users/Jacob/AppData/Local/UnrealEngine/4.14/DerivedDataCache/Boot.ddc
[2018.11.20-15.57.50:566][  0]LogDerivedDataCache: FDerivedDataBackendGraph:  Pak pak cache file ../../../../../../Users/Jacob/Dev/Unreal_Projects/Unreal-Escape-Room/Lesson62/DerivedDataCache/DDC.ddp not found, will not use a pak cache.
[2018.11.20-15.57.50:566][  0]LogDerivedDataCache: Unable to find inner node Pak for hierarchical cache Hierarchy.
[2018.11.20-15.57.50:566][  0]LogDerivedDataCache: FDerivedDataBackendGraph:  CompressedPak pak cache file ../../../../../../Users/Jacob/Dev/Unreal_Projects/Unreal-Escape-Room/Lesson62/DerivedDataCache/Compressed.ddp not found, will not use a pak cache.
[2018.11.20-15.57.50:566][  0]LogDerivedDataCache: Unable to find inner node CompressedPak for hierarchical cache Hierarchy.
[2018.11.20-15.57.50:578][  0]LogDerivedDataCache:Display: Pak cache opened for reading ../../../Engine/DerivedDataCache/Compressed.ddp.
[2018.11.20-15.57.50:589][  0]LogDerivedDataCache: Using Local data cache path C:/Users/Jacob/AppData/Local/UnrealEngine/Common/DerivedDataCache: Writable
[2018.11.20-15.57.50:745][  0]LogInit: Selected Device Profile: [Windows]
[2018.11.20-15.57.50:748][  0]LogContentStreaming: Texture pool size is 0.00 MB
[2018.11.20-15.57.50:930][  0]LogMeshUtilities: Using QuadricMeshReduction for automatic static mesh reduction
[2018.11.20-15.57.50:976][  0]LogSimplygon: Simplygon DLL not present - disabling.
[2018.11.20-15.57.51:025][  0]LogMeshUtilities: Using SimplygonSwarm for distributed automatic mesh merging
[2018.11.20-15.57.51:025][  0]LogMeshUtilities: No automatic skeletal mesh reduction module available
[2018.11.20-15.57.51:025][  0]LogMeshUtilities: No automatic mesh merging module available
[2018.11.20-15.57.51:431][  0]LogNetVersion: GetLocalNetworkVersion: CL: 3195953, ProjectName: lesson62, ProjectVersion: , EngineNetworkVersion: 2, GameNetworkVersion: 0, NetworkChecksum: 1519868491
[2018.11.20-15.57.51:490][  0]LogAssetRegistry: FAssetRegistry took 0.0223 seconds to start up
[2018.11.20-15.57.51:537][  0]LogPackageLocalizationCache: Processed 3 localized package path(s) for 2 prioritized culture(s) in 0.019869 seconds
[2018.11.20-15.57.51:541][  0]LogUObjectArray: 31946 objects as part of root set at end of initial load.
[2018.11.20-15.57.51:541][  0]LogUObjectAllocator: 6935840 out of 0 bytes used by permanent object pool.
[2018.11.20-15.57.51:541][  0]LogUObjectArray: CloseDisregardForGC: 0/0 objects in disregard for GC pool
[2018.11.20-15.57.51:605][  0]LogInit: WinSock: version 1.1 (2.2), MaxSocks=32767, MaxUdp=65467
[2018.11.20-15.57.52:375][  0]LogSlate: Using Freetype 2.6.0
[2018.11.20-15.57.52:375][  0]LogSlate: SlateFontCache - WITH_FREETYPE: 1, WITH_HARFBUZZ: 1
[2018.11.20-15.57.52:375][  0]LogSlate: SlateFontCache - WITH_FREETYPE: 1, WITH_HARFBUZZ: 1
[2018.11.20-15.57.53:096][  0]LogTcpMessaging: Initializing TcpMessaging bridge
[2018.11.20-15.57.53:137][  0]LogUdpMessaging: Initializing bridge on interface 0.0.0.0:0 to multicast group 230.0.0.1:6666.
[2018.11.20-15.57.53:511][  0]LogMaterial: Uniform references updated for custom material expression Custom.
[2018.11.20-15.57.53:895][  0]SourceControl: Info Source control is disabled
[2018.11.20-15.57.53:927][  0]SourceControl: Info Source control is disabled
[2018.11.20-15.57.53:981][  0]SourceControl: Info Source control is disabled
[2018.11.20-15.57.54:030][  0]SourceControl: Info Source control is disabled
[2018.11.20-15.57.55:347][  0]LogEngine: Initializing Engine...
[2018.11.20-15.57.55:347][  0]LogHMD: Failed to initialize OpenVR with code 110
[2018.11.20-15.57.55:556][  0]LogAIModule: Creating AISystem for world Untitled
[2018.11.20-15.57.55:577][  0]LogInit: XAudio2 using 'Speakers (USB Audio Device)' : 2 channels at 48 kHz using 16 bits per sample (channel mask 0x3)
[2018.11.20-15.57.55:590][  0]LogInit: FAudioDevice initialized.
[2018.11.20-15.57.55:611][  0]LogDerivedDataCache: Saved boot cache 0.02s 50MB C:/Users/Jacob/AppData/Local/UnrealEngine/4.14/DerivedDataCache/Boot.ddc.
[2018.11.20-15.57.55:619][  0]LogInit: Texture streaming: Enabled
[2018.11.20-15.57.55:804][  0]LogInit: Transaction tracking system initialized
[2018.11.20-15.57.56:158][  0]BlueprintLog: New page: Editor Load
[2018.11.20-15.57.57:074][  0]LocalizationService: Info Localization service is disabled
[2018.11.20-15.57.57:758][  0]LogConsoleResponse:Display: 
[2018.11.20-15.57.57:864][  0]LogCook:Display: Max memory allowance for cook 16384mb min free memory 0mb
[2018.11.20-15.57.57:864][  0]LogCook:Display: Mobile HDR setting 1
[2018.11.20-15.57.58:782][  0]LogFileCache: Scanning file cache for directory 'C:/Users/Jacob/Dev/Unreal_Projects/Unreal-Escape-Room/Lesson62/Content/' took 0.01s
[2018.11.20-15.57.58:827][  0]SourceControl: Info Source control is disabled
[2018.11.20-15.57.58:827][  0]Cmd: MAP LOAD FILE="../../../../../../Users/Jacob/Dev/Unreal_Projects/Unreal-Escape-Room/Lesson62/Content/StarterContent/Maps/Minimal_Default.umap" TEMPLATE=0 SHOWPROGRESS=1 FEATURELEVEL=3
[2018.11.20-15.57.58:827][  0]LightingResults: New page: Lighting Build
[2018.11.20-15.57.58:869][  0]MapCheck: New page: Map Check
[2018.11.20-15.57.58:869][  0]LightingResults: New page: Lighting Build
[2018.11.20-15.57.59:107][  0]LogAIModule: Creating AISystem for world Minimal_Default
[2018.11.20-15.57.59:108][  0]LogActorComponent: RegisterComponentWithWorld: (/Game/StarterContent/Maps/Minimal_Default.Minimal_Default:PersistentLevel.WorldSettings_1.StaticMeshComponent0) Trying to register component with IsPendingKill() == true. Aborting.
[2018.11.20-15.57.59:113][  0]LogEditorServer: Finished looking for orphan Actors (0.000 secs)
[2018.11.20-15.57.59:113][  0]Cmd: MAP CHECKDEP NOCLEARLOG
[2018.11.20-15.57.59:153][  0]MapCheck: Info Map check complete: 0 Error(s), 0 Warning(s), took 39.782ms to complete.
[2018.11.20-15.57.59:153][  0]LogFileHelpers: Loading map 'Minimal_Default' took 0.326
[2018.11.20-15.57.59:284][  0]LogCollectionManager: Loaded 0 collections in 0.001999 seconds
[2018.11.20-15.57.59:361][  0]LogFileCache: Scanning file cache for directory 'C:/Users/Jacob/Dev/Unreal_Projects/Unreal-Escape-Room/Lesson62/Saved/Collections/' took 0.01s
[2018.11.20-15.57.59:361][  0]LogFileCache: Scanning file cache for directory 'C:/Users/Jacob/Dev/Unreal_Projects/Unreal-Escape-Room/Lesson62/Content/Developers/Jacob/Collections/' took 0.01s
[2018.11.20-15.57.59:361][  0]LogFileCache: Scanning file cache for directory 'C:/Users/Jacob/Dev/Unreal_Projects/Unreal-Escape-Room/Lesson62/Content/Collections/' took 0.01s
[2018.11.20-15.57.59:361][  0]LogCollectionManager: Rebuilt the GUID cache for 0 collections in 0.000002 seconds
[2018.11.20-15.57.59:369][  0]LogContentBrowser: Native class hierarchy populated in 0.0074 seconds. Added 2191 classes and 430 folders.
[2018.11.20-15.57.59:410][  0]LogStats: UGameplayTagsManager::ConstructGameplayTagTree: Construct from data asset -  0.000 s
[2018.11.20-15.57.59:410][  0]LogStats: UGameplayTagsManager::ConstructGameplayTagTree: GameplayTagTreeChangedEvent.Broadcast -  0.000 s
[2018.11.20-15.57.59:412][  0]LogContentBrowser: Native class hierarchy updated for 'GameplayTags' in 0.0011 seconds. Added 13 classes and 0 folders.
[2018.11.20-15.57.59:493][  0]LogContentBrowser: Native class hierarchy updated for 'WidgetCarousel' in 0.0014 seconds. Added 0 classes and 0 folders.
[2018.11.20-15.57.59:532][  0]LogContentBrowser: Native class hierarchy updated for 'AddContentDialog' in 0.0011 seconds. Added 0 classes and 0 folders.
[2018.11.20-15.57.59:574][  0]LogContentBrowser: Native class hierarchy updated for 'SceneOutliner' in 0.0011 seconds. Added 1 classes and 2 folders.
[2018.11.20-15.57.59:609][  0]LogCrashTracker: Crashtracker disabled due to settings.
[2018.11.20-15.57.59:613][  0]LogUObjectGlobals:Warning: Failed to find object 'Class None.'
[2018.11.20-15.57.59:681][  0]LogContentBrowser: Native class hierarchy updated for 'HierarchicalLODOutliner' in 0.0012 seconds. Added 1 classes and 2 folders.
[2018.11.20-15.57.59:681][  0]LogLoad: (Engine Initialization) Total time: 13.72 seconds
[2018.11.20-15.57.59:681][  0]LogLoad: (Engine Initialization) Total Blueprint compile time: 0.08 seconds
[2018.11.20-15.57.59:681][  0]LogExternalProfiler: Found external profiler: VSPerf
[2018.11.20-15.57.59:681][  0]LogExternalProfiler: Using external profiler: VSPerf
[2018.11.20-15.57.59:690][  0]LogWindowsTextInputMethodSystem:Display: IME system now deactivated.
[2018.11.20-15.57.59:690][  0]LogOcInput: OculusInput pre-init called
[2018.11.20-15.57.59:703][  0]LogAssetRegistry: Asset discovery search completed in 8.2356 seconds
[2018.11.20-15.57.59:703][  0]LogCollectionManager: Rebuilt the object cache for 0 collections in 0.000000 seconds (found 0 objects)
[2018.11.20-15.57.59:703][  0]LogCollectionManager: Fixed up redirectors for 0 collections in 0.000011 seconds (updated 0 objects)
[2018.11.20-15.57.59:706][  0]LogContentStreaming: Texture pool size now 1000 MB
[2018.11.20-15.57.59:828][  1]LogRenderer: Reallocating scene render targets to support 808x368 NumSamples 1 (Frame:2).
[2018.11.20-15.58.02:655][267]LogRenderer: Reallocating scene render targets to support 1616x808 NumSamples 1 (Frame:269).
[2018.11.20-15.58.21:253][487]Cmd: TRANSACTION UNDO
[2018.11.20-15.58.21:253][487]LogEditorTransaction: Undo Create Actors
[2018.11.20-15.58.24:578][881]LogActorFactory: Actor Factory created Sphere
[2018.11.20-15.58.24:973][927]LogActorFactory: Actor Factory created Sphere
[2018.11.20-15.58.26:976][162]LogEditorViewport: Clicking on Actor (LMB): BP_Sky_Sphere_C (BP_Sky_Sphere)
[2018.11.20-15.58.27:615][235]LogEditorViewport: Clicking on Actor (LMB): StaticMeshActor (Sphere)
[2018.11.20-15.58.27:943][270]LogEditorViewport: Clicking on Actor (context menu): StaticMeshActor (Sphere)
[2018.11.20-15.58.48:832][756]Cmd: DELETE
[2018.11.20-15.58.48:832][756]Cmd: ACTOR DELETE
[2018.11.20-15.58.48:834][756]LogEditorActor: Deleted Actor: StaticMeshActor
[2018.11.20-15.58.48:843][756]LogEditorActor: Deleted 1 Actors (0.010 secs)
[2018.11.20-15.58.50:697][979]Cmd: TRANSACTION UNDO
[2018.11.20-15.58.50:697][979]LogEditorTransaction: Undo Delete Actors
[2018.11.20-15.58.51:089][ 21]Cmd: TRANSACTION UNDO
[2018.11.20-15.58.51:089][ 21]LogEditorTransaction: Undo Snap Object to View
[2018.11.20-15.58.51:599][ 80]Cmd: TRANSACTION UNDO
[2018.11.20-15.58.51:599][ 80]LogEditorTransaction: Undo Clicking on Actors (context menu)
[2018.11.20-15.58.52:155][145]Cmd: TRANSACTION UNDO
[2018.11.20-15.58.52:155][145]LogEditorTransaction: Undo Clicking on Actors
[2018.11.20-15.58.52:680][205]Cmd: TRANSACTION UNDO
[2018.11.20-15.58.52:680][205]LogEditorTransaction: Undo Clicking on Actors
[2018.11.20-15.58.53:141][257]Cmd: TRANSACTION UNDO
[2018.11.20-15.58.53:141][257]LogEditorTransaction: Undo Move Actors
[2018.11.20-15.58.53:588][308]Cmd: TRANSACTION UNDO
[2018.11.20-15.58.53:588][308]LogEditorTransaction: Undo Create Actors
[2018.11.20-16.08.00:446][664]LogFileHelpers: Editor autosave (incl. sublevels) for '/Game/StarterContent/Maps/Minimal_Default' took 0.009
[2018.11.20-16.14.31:382][837]LogRenderer: Reallocating scene render targets to support 1616x836 NumSamples 1 (Frame:39632).
[2018.11.20-16.18.01:123][466]LogFileHelpers: Editor autosave (incl. sublevels) for '/Game/StarterContent/Maps/Minimal_Default' took 0.010
[2018.11.20-16.28.01:854][268]LogFileHelpers: Editor autosave (incl. sublevels) for '/Game/StarterContent/Maps/Minimal_Default' took 0.017
[2018.11.20-16.28.44:478][396]LogWindowsTextInputMethodSystem:Display: IME system now deactivated.
[2018.11.20-16.28.44:644][397]Cmd: QUIT_EDITOR
[2018.11.20-16.28.44:684][397]LogExit: Preparing to exit.
[2018.11.20-16.28.45:256][397]LogDirectoryWatcher: A directory notification for 'C:/Users/Jacob/Dev/Unreal_Projects/Unreal-Escape-Room/Lesson62/Content/' was aborted.
[2018.11.20-16.28.45:277][397]LogExit: Editor shut down
[2018.11.20-16.28.45:278][397]LogExit: Transaction tracking system shut down
[2018.11.20-16.28.45:319][397]LogObj: Freed 0b from 0 cluster array pools.
[2018.11.20-16.28.45:319][397]LogExit: Object subsystem successfully closed.
[2018.11.20-16.28.45:342][397]LogD3D11RHI: Shutdown
[2018.11.20-16.28.45:342][397]LogD3D11RHI: CleanupD3DDevice
[2018.11.20-16.28.45:415][397]LogD3D11RHI: ~FD3D11DynamicRHI
[2018.11.20-16.28.45:429][397]LogHttp:Display: Http module shutting down, but needs to wait on 1 outstanding Http requests:
[2018.11.20-16.28.45:429][397]LogHttp:Display: 	verb=[POST] url=[https://datarouter.ol.epicgames.com/datarouter/api/v1/public/data?SessionID=%7BD64F54A0-4CBD-81DA-CCCB-829F1ED2970C%7D&AppID=UEEditor.Rocket.Release&AppVersion=4.14.3-3249277%2B%2B%2BUE4%2BRelease-4.14&UserID=577fc3e54e79b175bd7a0d8094a6829d%7C18078960e59146e19fe7e72f62b33b1f%7Cadbdf107-1c2a-41b9-bb86-c8a66b7406f3&AppEnvironment=datacollector-binary&UploadType=eteventstream] status=Processing
[2018.11.20-16.28.45:443][397]LogModuleManager: Shutting down and abandoning module HierarchicalLODOutliner (242)
[2018.11.20-16.28.45:443][397]LogModuleManager: Shutting down and abandoning module CrashTracker (241)
[2018.11.20-16.28.45:443][397]LogModuleManager: Shutting down and abandoning module SceneOutliner (240)
[2018.11.20-16.28.45:443][397]LogModuleManager: Shutting down and abandoning module WidgetCarousel (239)
[2018.11.20-16.28.45:443][397]LogModuleManager: Shutting down and abandoning module AddContentDialog (238)
[2018.11.20-16.28.45:444][397]LogDirectoryWatcher: A directory notification for 'C:/Program Files (x86)/Epic Games/4.14/FeaturePacks/' was aborted.
[2018.11.20-16.28.45:444][397]LogModuleManager: Shutting down and abandoning module GameplayTags (237)
[2018.11.20-16.28.45:444][397]LogModuleManager: Shutting down and abandoning module EditorWidgets (236)
[2018.11.20-16.28.45:444][397]LogModuleManager: Shutting down and abandoning module CollectionManager (235)
[2018.11.20-16.28.45:444][397]LogDirectoryWatcher: A directory notification for 'C:/Users/Jacob/Dev/Unreal_Projects/Unreal-Escape-Room/Lesson62/Content/Collections/' was aborted.
[2018.11.20-16.28.45:444][397]LogDirectoryWatcher: A directory notification for 'C:/Users/Jacob/Dev/Unreal_Projects/Unreal-Escape-Room/Lesson62/Content/Developers/Jacob/Collections/' was aborted.
[2018.11.20-16.28.45:444][397]LogDirectoryWatcher: A directory notification for 'C:/Users/Jacob/Dev/Unreal_Projects/Unreal-Escape-Room/Lesson62/Saved/Collections/' was aborted.
[2018.11.20-16.28.45:444][397]LogModuleManager: Shutting down and abandoning module StatsViewer (234)
[2018.11.20-16.28.45:444][397]LogModuleManager: Shutting down and abandoning module FoliageEdit (233)
[2018.11.20-16.28.45:444][397]LogModuleManager: Shutting down and abandoning module LandscapeEditor (232)
[2018.11.20-16.28.45:444][397]LogModuleManager: Shutting down and abandoning module SceneDepthPickerMode (231)
[2018.11.20-16.28.45:444][397]LogModuleManager: Shutting down and abandoning module ActorPickerMode (230)
[2018.11.20-16.28.45:444][397]LogModuleManager: Shutting down and abandoning module GeometryMode (229)
[2018.11.20-16.28.45:444][397]LogModuleManager: Shutting down and abandoning module TextureAlignMode (228)
[2018.11.20-16.28.45:444][397]LogModuleManager: Shutting down and abandoning module BspMode (227)
[2018.11.20-16.28.45:445][397]LogModuleManager: Shutting down and abandoning module HardwareSurvey (226)
[2018.11.20-16.28.45:445][397]LogModuleManager: Shutting down and abandoning module SequenceRecorderSections (225)
[2018.11.20-16.28.45:445][397]LogModuleManager: Shutting down and abandoning module AutomationWorker (224)
[2018.11.20-16.28.45:445][397]LogModuleManager: Shutting down and abandoning module MatineeToLevelSequence (223)
[2018.11.20-16.28.45:445][397]LogModuleManager: Shutting down and abandoning module PlacementMode (222)
[2018.11.20-16.28.45:445][397]LogModuleManager: Shutting down and abandoning module LevelSequenceEditor (221)
[2018.11.20-16.28.45:445][397]LogModuleManager: Shutting down and abandoning module WmfMediaFactory (220)
[2018.11.20-16.28.45:445][397]LogModuleManager: Shutting down and abandoning module WmfMediaEditor (219)
[2018.11.20-16.28.45:445][397]LogModuleManager: Shutting down and abandoning module AvfMediaFactory (218)
[2018.11.20-16.28.45:445][397]LogModuleManager: Shutting down and abandoning module AvfMediaEditor (217)
[2018.11.20-16.28.45:445][397]LogModuleManager: Shutting down and abandoning module Media (216)
[2018.11.20-16.28.45:445][397]LogModuleManager: Shutting down and abandoning module AndroidMediaFactory (215)
[2018.11.20-16.28.45:445][397]LogModuleManager: Shutting down and abandoning module AndroidMediaEditor (214)
[2018.11.20-16.28.45:445][397]LogModuleManager: Shutting down and abandoning module CharacterAI (213)
[2018.11.20-16.28.45:445][397]LogModuleManager: Shutting down and abandoning module SequenceRecorder (212)
[2018.11.20-16.28.45:445][397]LogModuleManager: Shutting down and abandoning module AudioCapture (211)
[2018.11.20-16.28.45:445][397]LogModuleManager: Shutting down and abandoning module SmartSnapping (210)
[2018.11.20-16.28.45:445][397]LogModuleManager: Shutting down and abandoning module SessionServices (209)
[2018.11.20-16.28.45:445][397]LogModuleManager: Shutting down and abandoning module ViewportSnapping (208)
[2018.11.20-16.28.45:445][397]LogModuleManager: Shutting down and abandoning module ViewportInteraction (207)
[2018.11.20-16.28.45:445][397]LogModuleManager: Shutting down and abandoning module LogVisualizer (206)
[2018.11.20-16.28.45:445][397]LogModuleManager: Shutting down and abandoning module GameProjectGeneration (205)
[2018.11.20-16.28.45:445][397]LogModuleManager: Shutting down and abandoning module IntroTutorials (204)
[2018.11.20-16.28.45:445][397]LogModuleManager: Shutting down and abandoning module EditorLiveStreaming (203)
[2018.11.20-16.28.45:445][397]LogModuleManager: Shutting down and abandoning module IOSPlatformEditor (202)
[2018.11.20-16.28.45:445][397]LogModuleManager: Shutting down and abandoning module HTML5PlatformEditor (201)
[2018.11.20-16.28.45:445][397]LogModuleManager: Shutting down and abandoning module AndroidDeviceDetection (200)
[2018.11.20-16.28.45:504][397]LogModuleManager: Shutting down and abandoning module AndroidPlatformEditor (199)
[2018.11.20-16.28.45:504][397]LogModuleManager: Shutting down and abandoning module IOSRuntimeSettings (198)
[2018.11.20-16.28.45:504][397]LogModuleManager: Shutting down and abandoning module AndroidRuntimeSettings (197)
[2018.11.20-16.28.45:504][397]LogModuleManager: Shutting down and abandoning module InputBindingEditor (196)
[2018.11.20-16.28.45:504][397]LogModuleManager: Shutting down and abandoning module NiagaraEditor (195)
[2018.11.20-16.28.45:504][397]LogModuleManager: Shutting down and abandoning module MergeActors (194)
[2018.11.20-16.28.45:504][397]LogModuleManager: Shutting down and abandoning module SizeMap (193)
[2018.11.20-16.28.45:504][397]LogModuleManager: Shutting down and abandoning module TreeMap (192)
[2018.11.20-16.28.45:504][397]LogModuleManager: Shutting down and abandoning module ReferenceViewer (191)
[2018.11.20-16.28.45:504][397]LogModuleManager: Shutting down and abandoning module LocalizationService (190)
[2018.11.20-16.28.45:504][397]LogModuleManager: Shutting down and abandoning module LocalizationDashboard (189)
[2018.11.20-16.28.45:504][397]LogModuleManager: Shutting down and abandoning module HardwareTargeting (188)
[2018.11.20-16.28.45:504][397]LogModuleManager: Shutting down and abandoning module DeviceProfileEditor (187)
[2018.11.20-16.28.45:504][397]LogModuleManager: Shutting down and abandoning module UndoHistory (186)
[2018.11.20-16.28.45:504][397]LogModuleManager: Shutting down and abandoning module UserFeedback (185)
[2018.11.20-16.28.45:504][397]LogModuleManager: Shutting down and abandoning module XmlParser (184)
[2018.11.20-16.28.45:504][397]LogModuleManager: Shutting down and abandoning module Blutility (183)
[2018.11.20-16.28.45:504][397]LogModuleManager: Shutting down and abandoning module ProjectTargetPlatformEditor (182)
[2018.11.20-16.28.45:504][397]LogModuleManager: Shutting down and abandoning module ProjectSettingsViewer (181)
[2018.11.20-16.28.45:504][397]LogModuleManager: Shutting down and abandoning module EditorSettingsViewer (180)
[2018.11.20-16.28.45:504][397]LogModuleManager: Shutting down and abandoning module SettingsEditor (179)
[2018.11.20-16.28.45:504][397]LogModuleManager: Shutting down and abandoning module ProjectLauncher (178)
[2018.11.20-16.28.45:504][397]LogModuleManager: Shutting down and abandoning module SessionFrontend (177)
[2018.11.20-16.28.45:504][397]LogModuleManager: Shutting down and abandoning module ProfilerClient (176)
[2018.11.20-16.28.45:505][397]LogModuleManager: Shutting down and abandoning module TargetDeviceServices (175)
[2018.11.20-16.28.45:505][397]LogModuleManager: Shutting down and abandoning module DeviceManager (174)
[2018.11.20-16.28.45:548][397]LogModuleManager: Shutting down and abandoning module AutomationController (173)
[2018.11.20-16.28.45:548][397]LogModuleManager: Shutting down and abandoning module AutomationWindow (172)
[2018.11.20-16.28.45:548][397]LogModuleManager: Shutting down and abandoning module Layers (171)
[2018.11.20-16.28.45:548][397]LogModuleManager: Shutting down and abandoning module ComponentVisualizers (170)
[2018.11.20-16.28.45:548][397]LogModuleManager: Shutting down and abandoning module DetailCustomizations (169)
[2018.11.20-16.28.45:548][397]LogModuleManager: Shutting down and abandoning module PackagesDialog (168)
[2018.11.20-16.28.45:548][397]LogModuleManager: Shutting down and abandoning module AnimGraph (167)
[2018.11.20-16.28.45:548][397]LogModuleManager: Shutting down and abandoning module Persona (166)
[2018.11.20-16.28.45:548][397]LogModuleManager: Shutting down and abandoning module Kismet (165)
[2018.11.20-16.28.45:548][397]LogModuleManager: Shutting down and abandoning module GraphEditor (164)
[2018.11.20-16.28.45:548][397]LogModuleManager: Shutting down and abandoning module ClassViewer (163)
[2018.11.20-16.28.45:548][397]LogModuleManager: Shutting down and abandoning module Toolbox (162)
[2018.11.20-16.28.45:548][397]LogModuleManager: Shutting down and abandoning module ModuleUI (161)
[2018.11.20-16.28.45:548][397]LogModuleManager: Shutting down and abandoning module MovieSceneTools (160)
[2018.11.20-16.28.45:548][397]LogModuleManager: Shutting down and abandoning module OutputLog (159)
[2018.11.20-16.28.45:548][397]LogModuleManager: Shutting down and abandoning module GammaUI (158)
[2018.11.20-16.28.45:548][397]LogModuleManager: Shutting down and abandoning module Documentation (157)
[2018.11.20-16.28.45:548][397]LogModuleManager: Shutting down and abandoning module Niagara (156)
[2018.11.20-16.28.45:548][397]LogModuleManager: Shutting down and abandoning module StreamingPauseRendering (155)
[2018.11.20-16.28.45:548][397]LogModuleManager: Shutting down and abandoning module AnalyticsET (154)
[2018.11.20-16.28.45:548][397]LogModuleManager: Shutting down and abandoning module PortalServices (153)
[2018.11.20-16.28.45:548][397]LogModuleManager: Shutting down and abandoning module PortalRpc (152)
[2018.11.20-16.28.45:548][397]LogModuleManager: Shutting down and abandoning module MessagingRpc (151)
[2018.11.20-16.28.45:548][397]LogModuleManager: Shutting down and abandoning module GameplayDebugger (150)
[2018.11.20-16.28.45:548][397]LogModuleManager: Shutting down and abandoning module AITestSuite (149)
[2018.11.20-16.28.45:548][397]LogModuleManager: Shutting down and abandoning module AIModule (148)
[2018.11.20-16.28.45:548][397]LogModuleManager: Shutting down and abandoning module ProfilerService (147)
[2018.11.20-16.28.45:729][397]LogModuleManager: Shutting down and abandoning module TaskGraph (146)
[2018.11.20-16.28.45:729][397]LogModuleManager: Shutting down and abandoning module SlateRemote (145)
[2018.11.20-16.28.45:729][397]LogModuleManager: Shutting down and abandoning module SteamVRController (144)
[2018.11.20-16.28.45:729][397]LogModuleManager: Shutting down and abandoning module SteamVR (143)
[2018.11.20-16.28.45:729][397]LogModuleManager: Shutting down and abandoning module ProceduralMeshComponentEditor (142)
[2018.11.20-16.28.45:729][397]LogModuleManager: Shutting down and abandoning module ProceduralMeshComponent (141)
[2018.11.20-16.28.45:729][397]LogModuleManager: Shutting down and abandoning module OculusLibrary (140)
[2018.11.20-16.28.45:729][397]LogModuleManager: Shutting down and abandoning module OculusInput (139)
[2018.11.20-16.28.45:729][397]LogModuleManager: Shutting down and abandoning module MobilePatchingUtils (138)
[2018.11.20-16.28.45:729][397]LogModuleManager: Shutting down and abandoning module CustomMeshComponent (137)
[2018.11.20-16.28.45:729][397]LogModuleManager: Shutting down and abandoning module CableComponent (136)
[2018.11.20-16.28.45:729][397]LogModuleManager: Shutting down and abandoning module ArchVisCharacter (135)
[2018.11.20-16.28.45:729][397]LogModuleManager: Shutting down and abandoning module MediaPlayerEditor (133)
[2018.11.20-16.28.45:729][397]LogModuleManager: Shutting down and abandoning module HTML5Networking (132)
[2018.11.20-16.28.45:729][397]LogModuleManager: Shutting down and abandoning module GeometryCacheEd (131)
[2018.11.20-16.28.45:729][397]LogModuleManager: Shutting down and abandoning module GeometryCache (130)
[2018.11.20-16.28.45:729][397]LogModuleManager: Shutting down and abandoning module AlembicLibrary (129)
[2018.11.20-16.28.45:729][397]LogModuleManager: Shutting down and abandoning module AlembicImporter (128)
[2018.11.20-16.28.45:729][397]LogModuleManager: Shutting down and abandoning module SuperSearch (127)
[2018.11.20-16.28.45:729][397]LogModuleManager: Shutting down and abandoning module SuperSearchEditor (126)
[2018.11.20-16.28.45:729][397]LogModuleManager: Shutting down and abandoning module SpeedTreeImporter (125)
[2018.11.20-16.28.45:729][397]LogModuleManager: Shutting down and abandoning module PluginBrowser (124)
[2018.11.20-16.28.45:729][397]LogModuleManager: Shutting down and abandoning module MobileLauncherProfileWizard (123)
[2018.11.20-16.28.45:729][397]LogModuleManager: Shutting down and abandoning module EpicSurvey (122)
[2018.11.20-16.28.45:729][397]LogModuleManager: Shutting down and abandoning module DesktopPlatform (121)
[2018.11.20-16.28.45:729][397]LogModuleManager: Shutting down and abandoning module VisualStudioSourceCodeAccess (120)
[2018.11.20-16.28.45:729][397]LogModuleManager: Shutting down and abandoning module UObjectPlugin (119)
[2018.11.20-16.28.45:729][397]LogModuleManager: Shutting down and abandoning module SubversionSourceControl (118)
[2018.11.20-16.28.45:729][397]LogModuleManager: Shutting down and abandoning module PerforceSourceControl (117)
[2018.11.20-16.28.45:729][397]LogModuleManager: Shutting down and abandoning module SourceControl (116)
[2018.11.20-16.28.45:729][397]LogModuleManager: Shutting down and abandoning module GitSourceControl (115)
[2018.11.20-16.28.45:729][397]LogModuleManager: Shutting down and abandoning module LightPropagationVolumeEditor (114)
[2018.11.20-16.28.45:729][397]LogModuleManager: Shutting down and abandoning module PaperTiledImporter (113)
[2018.11.20-16.28.45:729][397]LogModuleManager: Shutting down and abandoning module PaperSpriteSheetImporter (112)
[2018.11.20-16.28.45:729][397]LogModuleManager: Shutting down and abandoning module MeshPaint (111)
[2018.11.20-16.28.45:729][397]LogModuleManager: Shutting down and abandoning module PixelInspectorModule (110)
[2018.11.20-16.28.45:729][397]LogModuleManager: Shutting down and abandoning module HotReload (109)
[2018.11.20-16.28.45:729][397]LogDirectoryWatcher: A directory notification for 'C:/Users/Jacob/Dev/Unreal_Projects/Unreal-Escape-Room/Lesson62/Binaries/Win64' was aborted.
[2018.11.20-16.28.45:730][397]LogModuleManager: Shutting down and abandoning module MainFrame (108)
[2018.11.20-16.28.45:730][397]LogModuleManager: Shutting down and abandoning module LevelEditor (107)
[2018.11.20-16.28.45:730][397]LogModuleManager: Shutting down and abandoning module ContentBrowser (106)
[2018.11.20-16.28.45:731][397]LogModuleManager: Shutting down and abandoning module Paper2DEditor (105)
[2018.11.20-16.28.45:731][397]LogModuleManager: Shutting down and abandoning module Lesson62 (104)
[2018.11.20-16.28.45:731][397]LogModuleManager: Shutting down and abandoning module UdpMessaging (103)
[2018.11.20-16.28.45:832][397]LogModuleManager: Shutting down and abandoning module TcpMessaging (102)
[2018.11.20-16.28.45:932][397]LogModuleManager: Shutting down and abandoning module LightPropagationVolumeRuntime (101)
[2018.11.20-16.28.45:932][397]LogModuleManager: Shutting down and abandoning module Paper2D (100)
[2018.11.20-16.28.45:932][397]LogModuleManager: Shutting down and abandoning module WindowsMoviePlayer (99)
[2018.11.20-16.28.45:932][397]LogModuleManager: Shutting down and abandoning module WmfMedia (98)
[2018.11.20-16.28.45:937][397]LogModuleManager: Shutting down and abandoning module MediaAssets (97)
[2018.11.20-16.28.45:937][397]LogModuleManager: Shutting down and abandoning module GameLiveStreaming (96)
[2018.11.20-16.28.45:937][397]LogModuleManager: Shutting down and abandoning module GameplayTagsEditor (95)
[2018.11.20-16.28.45:937][397]LogModuleManager: Shutting down and abandoning module VREditor (94)
[2018.11.20-16.28.45:937][397]LogModuleManager: Shutting down and abandoning module GameplayTasksEditor (93)
[2018.11.20-16.28.45:937][397]LogModuleManager: Shutting down and abandoning module BehaviorTreeEditor (92)
[2018.11.20-16.28.45:937][397]LogModuleManager: Shutting down and abandoning module FunctionalTesting (91)
[2018.11.20-16.28.45:937][397]LogModuleManager: Shutting down and abandoning module CollisionAnalyzer (90)
[2018.11.20-16.28.45:937][397]LogModuleManager: Shutting down and abandoning module Sequencer (89)
[2018.11.20-16.28.45:937][397]LogModuleManager: Shutting down and abandoning module WorkspaceMenuStructure (88)
[2018.11.20-16.28.45:937][397]LogModuleManager: Shutting down and abandoning module MessageLog (87)
[2018.11.20-16.28.45:937][397]LogModuleManager: Shutting down and abandoning module AssetTools (86)
[2018.11.20-16.28.45:938][397]LogModuleManager: Shutting down and abandoning module UMGEditor (85)
[2018.11.20-16.28.45:938][397]LogModuleManager: Shutting down and abandoning module UMG (84)
[2018.11.20-16.28.45:938][397]LogModuleManager: Shutting down and abandoning module SlateReflector (83)
[2018.11.20-16.28.45:938][397]LogModuleManager: Shutting down and abandoning module Slate (82)
[2018.11.20-16.28.45:938][397]LogModuleManager: Shutting down and abandoning module EditorStyle (81)
[2018.11.20-16.28.45:944][397]LogModuleManager: Shutting down and abandoning module SourceCodeAccess (80)
[2018.11.20-16.28.45:944][397]LogModuleManager: Shutting down and abandoning module HeadMountedDisplay (79)
[2018.11.20-16.28.45:944][397]LogModuleManager: Shutting down and abandoning module XAudio2 (78)
[2018.11.20-16.28.45:944][397]LogModuleManager: Shutting down and abandoning module Networking (76)
[2018.11.20-16.28.45:944][397]LogModuleManager: Shutting down and abandoning module Core (75)
[2018.11.20-16.28.45:944][397]LogModuleManager: Shutting down and abandoning module DirectoryWatcher (74)
[2018.11.20-16.28.45:944][397]LogDirectoryWatcher: A directory notification for '../../../Engine/Content/' was aborted.
[2018.11.20-16.28.45:945][397]LogDirectoryWatcher: A directory notification for '../../../../../../Users/Jacob/Dev/Unreal_Projects/Unreal-Escape-Room/Lesson62/Content/' was aborted.
[2018.11.20-16.28.45:945][397]LogDirectoryWatcher: A directory notification for '../../../Engine/Plugins/2D/Paper2D/Content/' was aborted.
[2018.11.20-16.28.45:948][397]LogModuleManager: Shutting down and abandoning module AssetRegistry (73)
[2018.11.20-16.28.46:096][397]LogModuleManager: Shutting down and abandoning module KismetCompiler (72)
[2018.11.20-16.28.46:096][397]LogModuleManager: Shutting down and abandoning module PhysXFormats (71)
[2018.11.20-16.28.46:096][397]LogModuleManager: Shutting down and abandoning module SimplygonSwarm (70)
[2018.11.20-16.28.46:096][397]LogModuleManager: Shutting down and abandoning module SimplygonMeshReduction (69)
[2018.11.20-16.28.46:096][397]LogModuleManager: Shutting down and abandoning module QuadricMeshReduction (68)
[2018.11.20-16.28.46:096][397]LogModuleManager: Shutting down and abandoning module PropertyEditor (67)
[2018.11.20-16.28.46:096][397]LogModuleManager: Shutting down and abandoning module MeshUtilities (66)
[2018.11.20-16.28.46:096][397]LogModuleManager: Shutting down and abandoning module DerivedDataCache (65)
[2018.11.20-16.28.46:182][397]LogDerivedDataCache: Shutdown
[2018.11.20-16.28.46:182][397]LogModuleManager: Shutting down and abandoning module VulkanShaderFormat (64)
[2018.11.20-16.28.46:182][397]LogModuleManager: Shutting down and abandoning module ShaderFormatOpenGL (63)
[2018.11.20-16.28.46:182][397]LogModuleManager: Shutting down and abandoning module ShaderFormatD3D (62)
[2018.11.20-16.28.46:182][397]LogModuleManager: Shutting down and abandoning module MetalShaderFormat (61)
[2018.11.20-16.28.46:182][397]LogModuleManager: Shutting down and abandoning module TextureFormatUncompressed (60)
[2018.11.20-16.28.46:182][397]LogModuleManager: Shutting down and abandoning module TextureFormatPVR (59)
[2018.11.20-16.28.46:182][397]LogModuleManager: Shutting down and abandoning module TextureFormatDXT (58)
[2018.11.20-16.28.46:182][397]LogModuleManager: Shutting down and abandoning module TextureFormatIntelISPCTexComp (57)
[2018.11.20-16.28.46:182][397]LogModuleManager: Shutting down and abandoning module ImageWrapper (56)
[2018.11.20-16.28.46:182][397]LogModuleManager: Shutting down and abandoning module TextureFormatASTC (55)
[2018.11.20-16.28.46:182][397]LogModuleManager: Shutting down and abandoning module TextureFormatAndroid (54)
[2018.11.20-16.28.46:182][397]LogModuleManager: Shutting down and abandoning module AudioFormatOpus (53)
[2018.11.20-16.28.46:182][397]LogModuleManager: Shutting down and abandoning module AudioFormatOgg (52)
[2018.11.20-16.28.46:182][397]LogModuleManager: Shutting down and abandoning module AudioFormatADPCM (51)
[2018.11.20-16.28.46:182][397]LogModuleManager: Shutting down and abandoning module LinuxTargetPlatform (50)
[2018.11.20-16.28.46:183][397]LogModuleManager: Shutting down and abandoning module LinuxServerTargetPlatform (49)
[2018.11.20-16.28.46:183][397]LogModuleManager: Shutting down and abandoning module LinuxNoEditorTargetPlatform (48)
[2018.11.20-16.28.46:183][397]LogModuleManager: Shutting down and abandoning module LinuxClientTargetPlatform (47)
[2018.11.20-16.28.46:183][397]LogModuleManager: Shutting down and abandoning module TVOSTargetPlatform (46)
[2018.11.20-16.28.46:183][397]LogModuleManager: Shutting down and abandoning module Messaging (45)
[2018.11.20-16.28.46:183][397]LogModuleManager: Shutting down and abandoning module IOSTargetPlatform (44)
[2018.11.20-16.28.46:183][397]LogModuleManager: Shutting down and abandoning module HTML5TargetPlatform (43)
[2018.11.20-16.28.46:183][397]LogModuleManager: Shutting down and abandoning module Android_PVRTCTargetPlatform (42)
[2018.11.20-16.28.46:183][397]LogModuleManager: Shutting down and abandoning module Android_MultiTargetPlatform (41)
[2018.11.20-16.28.46:183][397]LogModuleManager: Shutting down and abandoning module Android_ETC2TargetPlatform (40)
[2018.11.20-16.28.46:183][397]LogModuleManager: Shutting down and abandoning module Android_ETC1TargetPlatform (39)
[2018.11.20-16.28.46:183][397]LogModuleManager: Shutting down and abandoning module Android_DXTTargetPlatform (38)
[2018.11.20-16.28.46:183][397]LogModuleManager: Shutting down and abandoning module Android_ATCTargetPlatform (37)
[2018.11.20-16.28.46:183][397]LogModuleManager: Shutting down and abandoning module Android_ASTCTargetPlatform (36)
[2018.11.20-16.28.46:183][397]LogModuleManager: Shutting down and abandoning module AndroidTargetPlatform (35)
[2018.11.20-16.28.46:183][397]LogModuleManager: Shutting down and abandoning module WindowsTargetPlatform (34)
[2018.11.20-16.28.46:183][397]LogModuleManager: Shutting down and abandoning module WindowsServerTargetPlatform (33)
[2018.11.20-16.28.46:183][397]LogModuleManager: Shutting down and abandoning module WindowsNoEditorTargetPlatform (32)
[2018.11.20-16.28.46:183][397]LogModuleManager: Shutting down and abandoning module WindowsClientTargetPlatform (31)
[2018.11.20-16.28.46:183][397]LogModuleManager: Shutting down and abandoning module MacTargetPlatform (30)
[2018.11.20-16.28.46:183][397]LogModuleManager: Shutting down and abandoning module MacServerTargetPlatform (29)
[2018.11.20-16.28.46:183][397]LogModuleManager: Shutting down and abandoning module MacNoEditorTargetPlatform (28)
[2018.11.20-16.28.46:183][397]LogModuleManager: Shutting down and abandoning module MacClientTargetPlatform (27)
[2018.11.20-16.28.46:183][397]LogModuleManager: Shutting down and abandoning module AllDesktopTargetPlatform (26)
[2018.11.20-16.28.46:183][397]LogModuleManager: Shutting down and abandoning module TargetPlatform (25)
[2018.11.20-16.28.46:183][397]LogModuleManager: Shutting down and abandoning module InputCore (24)
[2018.11.20-16.28.46:183][397]LogModuleManager: Shutting down and abandoning module Settings (23)
[2018.11.20-16.28.46:183][397]LogModuleManager: Shutting down and abandoning module OculusRift (22)
[2018.11.20-16.28.46:183][397]LogModuleManager: Shutting down and abandoning module ExampleDeviceProfileSelector (21)
[2018.11.20-16.28.46:183][397]LogModuleManager: Shutting down and abandoning module OnlineBlueprintSupport (20)
[2018.11.20-16.28.46:183][397]LogModuleManager: Shutting down and abandoning module OnlineSubsystem (18)
[2018.11.20-16.28.46:183][397]LogOnline:Display: Unloading online subsystem: NULL
[2018.11.20-16.28.46:183][397]LogModuleManager: Shutting down and abandoning module SSL (17)
[2018.11.20-16.28.46:184][397]LogModuleManager: Shutting down and abandoning module HTTP (16)
[2018.11.20-16.28.46:184][397]LogModuleManager: Shutting down and abandoning module XMPP (15)
[2018.11.20-16.28.46:184][397]LogModuleManager: Shutting down and abandoning module TextureCompressor (14)
[2018.11.20-16.28.46:184][397]LogModuleManager: Shutting down and abandoning module ShaderCore (13)
[2018.11.20-16.28.46:184][397]LogModuleManager: Shutting down and abandoning module Landscape (12)
[2018.11.20-16.28.46:184][397]LogModuleManager: Shutting down and abandoning module SlateRHIRenderer (11)
[2018.11.20-16.28.46:185][397]LogModuleManager: Shutting down and abandoning module OpenGLDrv (10)
[2018.11.20-16.28.46:185][397]LogModuleManager: Shutting down and abandoning module D3D11RHI (9)
[2018.11.20-16.28.46:185][397]LogModuleManager: Shutting down and abandoning module AnimGraphRuntime (8)
[2018.11.20-16.28.46:185][397]LogModuleManager: Shutting down and abandoning module Renderer (7)
[2018.11.20-16.28.46:185][397]LogModuleManager: Shutting down and abandoning module Engine (6)
[2018.11.20-16.28.46:185][397]LogModuleManager: Shutting down and abandoning module CoreUObject (5)
[2018.11.20-16.28.46:185][397]LogModuleManager: Shutting down and abandoning module NetworkFile (4)
[2018.11.20-16.28.46:185][397]LogModuleManager: Shutting down and abandoning module StreamingFile (3)
[2018.11.20-16.28.46:185][397]LogModuleManager: Shutting down and abandoning module SandboxFile (2)
[2018.11.20-16.28.46:185][397]LogModuleManager: Shutting down and abandoning module PakFile (1)
[2018.11.20-16.28.46:186][397]LogExit: Exiting.
[2018.11.20-16.28.46:187][397]Log file closed, 11/20/18 09:28:46
